<?xml version="1.0" encoding="UTF-8"?>
<!-- Generated by org.testng.reporters.JUnitReportReporter -->
<testsuite hostname="LAPTOP-LKA3284C" failures="0" tests="4" name="api.testcases.UserTest2" time="6.786" errors="0" timestamp="2024-01-25T01:55:45 IST" skipped="0">
  <testcase classname="api.testcases.UserTest2" name="testCreateUser" time="2.313"/>
  <system-out/>
  <testcase classname="api.testcases.UserTest2" name="testGetUserData" time="1.110"/>
  <system-out/>
  <testcase classname="api.testcases.UserTest2" name="testUpdateUser" time="2.226"/>
  <system-out/>
  <testcase classname="api.testcases.UserTest2" name="testDeleteUser" time="1.137"/>
  <system-out/>
</testsuite> <!-- api.testcases.UserTest2 -->
