<?xml version="1.0" encoding="UTF-8"?>
<!-- Generated by org.testng.reporters.JUnitReportReporter -->
<testsuite hostname="LAPTOP-LKA3284C" failures="0" tests="4" name="api.testcases.UserTest" time="7.043" errors="0" timestamp="2024-01-25T01:40:28 IST" skipped="0">
  <testcase classname="api.testcases.UserTest" name="testCreateUser" time="2.539"/>
  <system-out/>
  <testcase classname="api.testcases.UserTest" name="testGetUserData" time="1.155"/>
  <system-out/>
  <testcase classname="api.testcases.UserTest" name="testUpdateUser" time="2.227"/>
  <system-out/>
  <testcase classname="api.testcases.UserTest" name="testDeleteUser" time="1.122"/>
  <system-out/>
</testsuite> <!-- api.testcases.UserTest -->
