<?xml version="1.0" encoding="UTF-8"?>
<!-- Generated by org.testng.reporters.JUnitReportReporter -->
<testsuite hostname="LAPTOP-LKA3284C" failures="0" tests="4" name="api.testcases.UserTest" time="8.632" errors="0" timestamp="2024-01-25T02:32:13 IST" skipped="0">
  <testcase classname="api.testcases.UserTest" name="testCreateUser" time="3.265"/>
  <system-out/>
  <testcase classname="api.testcases.UserTest" name="testGetUserData" time="1.468"/>
  <system-out/>
  <testcase classname="api.testcases.UserTest" name="testUpdateUser" time="2.622"/>
  <system-out/>
  <testcase classname="api.testcases.UserTest" name="testDeleteUser" time="1.277"/>
  <system-out/>
</testsuite> <!-- api.testcases.UserTest -->
